<?xml version="1.0" encoding="UTF-8"?>
<!-- Generated by org.testng.reporters.JUnitReportReporter -->
<testsuite skipped="0" hostname="5CG6292Q47" name="selenium.SeleniumTests" tests="1" failures="0" timestamp="20 paÅº 2017 13:19:43 GMT" time="4.264" errors="0">
  <testcase name="homePage" time="4.264" classname="selenium.SeleniumTests"/>
</testsuite> <!-- selenium.SeleniumTests -->
